2013-03-12 09:38:26 ERROR - Undefined variable: isadmin in C:\xampp\htdocs\kfzinsider\laravel\view.php(386) : eval()'d code on line 26
2013-03-12 09:40:10 ERROR - syntax error, unexpected end of file in C:\xampp\htdocs\kfzinsider\laravel\view.php(386) : eval()'d code on line 47
2013-03-12 09:40:11 ERROR - syntax error, unexpected end of file in C:\xampp\htdocs\kfzinsider\laravel\view.php(386) : eval()'d code on line 47
2013-03-12 09:40:14 ERROR - syntax error, unexpected end of file in C:\xampp\htdocs\kfzinsider\laravel\view.php(386) : eval()'d code on line 47
2013-03-12 09:41:12 INFO - test
2013-03-12 09:41:12 ERROR - syntax error, unexpected end of file in C:\xampp\htdocs\kfzinsider\laravel\view.php(386) : eval()'d code on line 47
2013-03-12 09:44:01 INFO - test
2013-03-12 09:44:01 ERROR - Undefined variable: isadmin in C:\xampp\htdocs\kfzinsider\laravel\view.php(386) : eval()'d code on line 26
2013-03-12 09:44:02 INFO - test
2013-03-12 09:44:02 ERROR - Undefined variable: isadmin in C:\xampp\htdocs\kfzinsider\laravel\view.php(386) : eval()'d code on line 26
2013-03-12 09:44:02 INFO - test
2013-03-12 09:44:02 ERROR - Undefined variable: isadmin in C:\xampp\htdocs\kfzinsider\laravel\view.php(386) : eval()'d code on line 26
2013-03-12 09:44:03 INFO - test
2013-03-12 09:44:03 ERROR - Undefined variable: isadmin in C:\xampp\htdocs\kfzinsider\laravel\view.php(386) : eval()'d code on line 26
2013-03-12 09:44:03 INFO - test
2013-03-12 09:44:03 ERROR - Undefined variable: isadmin in C:\xampp\htdocs\kfzinsider\laravel\view.php(386) : eval()'d code on line 26
2013-03-12 09:44:03 INFO - test
2013-03-12 09:44:03 ERROR - Undefined variable: isadmin in C:\xampp\htdocs\kfzinsider\laravel\view.php(386) : eval()'d code on line 26
2013-03-12 09:44:03 INFO - test
2013-03-12 09:44:03 ERROR - Undefined variable: isadmin in C:\xampp\htdocs\kfzinsider\laravel\view.php(386) : eval()'d code on line 26
2013-03-12 09:44:04 INFO - test
2013-03-12 09:44:04 ERROR - Undefined variable: isadmin in C:\xampp\htdocs\kfzinsider\laravel\view.php(386) : eval()'d code on line 26
2013-03-12 09:44:04 INFO - test
2013-03-12 09:44:04 ERROR - Undefined variable: isadmin in C:\xampp\htdocs\kfzinsider\laravel\view.php(386) : eval()'d code on line 26
2013-03-12 09:44:12 INFO - test
2013-03-12 09:44:12 ERROR - Undefined variable: isadmin in C:\xampp\htdocs\kfzinsider\laravel\view.php(386) : eval()'d code on line 26
2013-03-12 09:51:08 INFO - test
2013-03-12 09:51:08 ERROR - Undefined variable: isadmin in C:\xampp\htdocs\kfzinsider\laravel\view.php(386) : eval()'d code on line 26
2013-03-12 09:51:08 INFO - test
2013-03-12 09:51:08 ERROR - Undefined variable: isadmin in C:\xampp\htdocs\kfzinsider\laravel\view.php(386) : eval()'d code on line 26
2013-03-12 09:51:09 INFO - test
2013-03-12 09:51:09 ERROR - Undefined variable: isadmin in C:\xampp\htdocs\kfzinsider\laravel\view.php(386) : eval()'d code on line 26
2013-03-12 09:51:09 INFO - test
2013-03-12 09:51:09 ERROR - Undefined variable: isadmin in C:\xampp\htdocs\kfzinsider\laravel\view.php(386) : eval()'d code on line 26
2013-03-12 09:51:09 INFO - test
2013-03-12 09:51:09 ERROR - Undefined variable: isadmin in C:\xampp\htdocs\kfzinsider\laravel\view.php(386) : eval()'d code on line 26
2013-03-12 09:51:09 INFO - test
2013-03-12 09:51:09 ERROR - Undefined variable: isadmin in C:\xampp\htdocs\kfzinsider\laravel\view.php(386) : eval()'d code on line 26
2013-03-12 09:53:46 INFO - test
2013-03-12 09:53:46 ERROR - Undefined variable: isadmin in C:\xampp\htdocs\kfzinsider\laravel\view.php(386) : eval()'d code on line 26
2013-03-12 09:55:25 INFO - test
2013-03-12 10:00:01 ERROR - Undefined variable: name in C:\xampp\htdocs\kfzinsider\laravel\view.php(386) : eval()'d code on line 26
2013-03-12 10:00:02 ERROR - Undefined variable: name in C:\xampp\htdocs\kfzinsider\laravel\view.php(386) : eval()'d code on line 26
2013-03-12 10:00:02 ERROR - Undefined variable: name in C:\xampp\htdocs\kfzinsider\laravel\view.php(386) : eval()'d code on line 26
2013-03-12 10:00:02 ERROR - Undefined variable: name in C:\xampp\htdocs\kfzinsider\laravel\view.php(386) : eval()'d code on line 26
2013-03-12 10:00:02 ERROR - Undefined variable: name in C:\xampp\htdocs\kfzinsider\laravel\view.php(386) : eval()'d code on line 26
2013-03-12 10:01:18 ERROR - Undefined variable: name in C:\xampp\htdocs\kfzinsider\laravel\view.php(386) : eval()'d code on line 26
2013-03-12 10:01:19 ERROR - Undefined variable: name in C:\xampp\htdocs\kfzinsider\laravel\view.php(386) : eval()'d code on line 26
2013-03-12 10:01:19 ERROR - Undefined variable: name in C:\xampp\htdocs\kfzinsider\laravel\view.php(386) : eval()'d code on line 26
2013-03-12 10:01:19 ERROR - Undefined variable: name in C:\xampp\htdocs\kfzinsider\laravel\view.php(386) : eval()'d code on line 26
2013-03-12 10:01:19 ERROR - Undefined variable: name in C:\xampp\htdocs\kfzinsider\laravel\view.php(386) : eval()'d code on line 26
2013-03-12 10:01:20 ERROR - Undefined variable: name in C:\xampp\htdocs\kfzinsider\laravel\view.php(386) : eval()'d code on line 26
2013-03-12 10:01:23 INFO - test
2013-03-12 10:01:23 ERROR - Undefined variable: name in C:\xampp\htdocs\kfzinsider\laravel\view.php(386) : eval()'d code on line 26
2013-03-12 10:02:23 INFO - test
2013-03-12 10:02:50 ERROR - Undefined variable: name in C:\xampp\htdocs\kfzinsider\laravel\view.php(386) : eval()'d code on line 26
2013-03-12 10:17:44 ERROR - Undefined variable: name in C:\xampp\htdocs\kfzinsider\laravel\view.php(386) : eval()'d code on line 22
2013-03-12 10:17:50 ERROR - Undefined variable: name in C:\xampp\htdocs\kfzinsider\laravel\view.php(386) : eval()'d code on line 22
2013-03-12 10:17:50 ERROR - Undefined variable: name in C:\xampp\htdocs\kfzinsider\laravel\view.php(386) : eval()'d code on line 22
2013-03-12 10:17:51 ERROR - Undefined variable: name in C:\xampp\htdocs\kfzinsider\laravel\view.php(386) : eval()'d code on line 22
2013-03-12 10:17:51 ERROR - Undefined variable: name in C:\xampp\htdocs\kfzinsider\laravel\view.php(386) : eval()'d code on line 22
2013-03-12 10:17:51 ERROR - Undefined variable: name in C:\xampp\htdocs\kfzinsider\laravel\view.php(386) : eval()'d code on line 22
2013-03-12 10:21:25 ERROR - Undefined variable: name in C:\xampp\htdocs\kfzinsider\laravel\view.php(386) : eval()'d code on line 34
2013-03-12 10:21:26 ERROR - Undefined variable: name in C:\xampp\htdocs\kfzinsider\laravel\view.php(386) : eval()'d code on line 34
2013-03-12 10:21:26 ERROR - Undefined variable: name in C:\xampp\htdocs\kfzinsider\laravel\view.php(386) : eval()'d code on line 34
2013-03-12 10:21:26 ERROR - Undefined variable: name in C:\xampp\htdocs\kfzinsider\laravel\view.php(386) : eval()'d code on line 34
2013-03-12 10:32:28 INFO - taken!
