2013-04-18 16:33:55 ERROR - Undefined variable: garages in /home/.sites/142/site774/web/test/laravel/view.php(386) : eval()'d code on line 13
2013-04-18 16:45:54 ERROR - Call to a member function delete() on a non-object in /home/.sites/142/site774/web/test/application/controllers/backend/garage.php on line 42
2013-04-18 16:55:26 ERROR - Undefined variable: garages in /home/.sites/142/site774/web/test/laravel/view.php(386) : eval()'d code on line 14
2013-04-18 17:10:11 ERROR - Undefined variable: garages in /home/.sites/142/site774/web/test/laravel/view.php(386) : eval()'d code on line 14
2013-04-18 17:22:27 ERROR - Undefined variable: garages in /home/.sites/142/site774/web/test/laravel/view.php(386) : eval()'d code on line 14
2013-04-18 17:44:24 ERROR - Undefined variable: garages in /home/.sites/142/site774/web/test/application/controllers/backend/garage.php on line 48
2013-04-18 19:31:37 ERROR - Method [name] is not defined on the Query class. in /home/.sites/142/site774/web/test/laravel/database/query.php on line 947
2013-04-18 19:37:31 ERROR - Method [name] is not defined on the Query class. in /home/.sites/142/site774/web/test/laravel/database/query.php on line 947
2013-04-18 19:54:40 ERROR - Method [name] is not defined on the Query class. in /home/.sites/142/site774/web/test/laravel/database/query.php on line 947
2013-04-18 19:55:44 ERROR - Undefined variable: whatever in /home/.sites/142/site774/web/test/application/controllers/backend/garage.php on line 57
2013-04-18 19:55:58 ERROR - Undefined variable: whatever in /home/.sites/142/site774/web/test/application/controllers/backend/garage.php on line 57
2013-04-18 19:56:31 ERROR - Undefined variable: whatever in /home/.sites/142/site774/web/test/application/controllers/backend/garage.php on line 56
2013-04-18 19:59:09 ERROR - Undefined variable: whatever in /home/.sites/142/site774/web/test/application/controllers/backend/garage.php on line 48
2013-04-18 19:59:43 ERROR - Undefined variable: whatever in /home/.sites/142/site774/web/test/application/controllers/backend/garage.php on line 48
2013-04-18 20:34:17 ERROR - Undefined variable: whatever in /home/.sites/142/site774/web/test/application/controllers/backend/garage.php on line 48
2013-04-18 20:38:34 ERROR - Method [name] is not defined on the Query class. in /home/.sites/142/site774/web/test/laravel/database/query.php on line 947
2013-04-18 20:50:40 ERROR - Method [name] is not defined on the Query class. in /home/.sites/142/site774/web/test/laravel/database/query.php on line 947
2013-04-18 20:50:51 ERROR - Method [name] is not defined on the Query class. in /home/.sites/142/site774/web/test/laravel/database/query.php on line 947
2013-04-18 21:00:36 ERROR - Method [name] is not defined on the Query class. in /home/.sites/142/site774/web/test/laravel/database/query.php on line 947
2013-04-18 21:03:10 ERROR - Method [name] is not defined on the Query class. in /home/.sites/142/site774/web/test/laravel/database/query.php on line 947
2013-04-18 21:05:00 ERROR - Array to string conversion in /home/.sites/142/site774/web/test/laravel/database/connection.php on line 256
2013-04-18 21:05:14 ERROR - Array to string conversion in /home/.sites/142/site774/web/test/laravel/database/connection.php on line 256
2013-04-18 21:08:32 ERROR - Call to a member function save() on a non-object in /home/.sites/142/site774/web/test/application/controllers/backend/garage.php on line 41
2013-04-18 21:12:17 ERROR - Call to a member function save() on a non-object in /home/.sites/142/site774/web/test/application/controllers/backend/garage.php on line 42
2013-04-18 21:22:31 ERROR - Use of undefined constant name - assumed 'name' in /home/.sites/142/site774/web/test/application/controllers/backend/garage.php on line 39
2013-04-18 21:53:16 ERROR - Undefined variable: message in /home/.sites/142/site774/web/test/laravel/view.php(386) : eval()'d code on line 3
2013-04-18 22:34:03 ERROR - Undefined variable: message in /home/.sites/142/site774/web/test/laravel/view.php(386) : eval()'d code on line 3
2013-04-18 22:34:07 ERROR - Undefined variable: message in /home/.sites/142/site774/web/test/laravel/view.php(386) : eval()'d code on line 3
2013-04-18 22:34:08 ERROR - Undefined variable: message in /home/.sites/142/site774/web/test/laravel/view.php(386) : eval()'d code on line 3
2013-04-18 22:34:11 ERROR - Undefined variable: message in /home/.sites/142/site774/web/test/laravel/view.php(386) : eval()'d code on line 3
2013-04-18 22:34:12 ERROR - Undefined variable: message in /home/.sites/142/site774/web/test/laravel/view.php(386) : eval()'d code on line 3
2013-04-18 22:34:12 ERROR - Undefined variable: message in /home/.sites/142/site774/web/test/laravel/view.php(386) : eval()'d code on line 3
2013-04-18 22:34:13 ERROR - Undefined variable: message in /home/.sites/142/site774/web/test/laravel/view.php(386) : eval()'d code on line 3
2013-04-18 22:34:14 ERROR - Undefined variable: message in /home/.sites/142/site774/web/test/laravel/view.php(386) : eval()'d code on line 3
2013-04-18 22:34:19 ERROR - Undefined variable: message in /home/.sites/142/site774/web/test/laravel/view.php(386) : eval()'d code on line 3
