2013-03-11 02:58:53 INFO - INSIDE LOGIN AND TRUE VAR IS ifr_ais@yahoo.de
2013-03-11 02:58:53 INFO - USER IS ifr_ais@yahoo.de AND HIS ADMIN BOOL IS 1
2013-03-11 03:00:12 INFO - passed!
2013-03-11 03:00:24 INFO - INSIDE LOGIN AND TRUE VAR IS user1@hotmail.com
2013-03-11 03:00:24 INFO - NOADMIN!
2013-03-11 07:16:43 INFO - INSIDE LOGIN AND TRUE VAR IS ifr_ais@yahoo.de
2013-03-11 07:16:43 INFO - USER IS ifr_ais@yahoo.de AND HIS ADMIN BOOL IS 1
2013-03-11 07:16:56 INFO - INSIDE LOGIN AND TRUE VAR IS user1@hotmail.com
2013-03-11 07:16:56 INFO - NOADMIN!
2013-03-11 07:37:37 INFO - INSIDE LOGIN AND TRUE VAR IS ifr_ais@yahoo.de
2013-03-11 07:37:37 INFO - USER IS ifr_ais@yahoo.de AND HIS ADMIN BOOL IS 1
2013-03-11 07:37:37 ERROR - Undefined variable: isAdmin in C:\xampp\htdocs\kfzinsider\laravel\view.php(386) : eval()'d code on line 26
2013-03-11 07:37:53 INFO - INSIDE LOGIN AND TRUE VAR IS ifr_ais@yahoo.de
2013-03-11 07:37:53 INFO - USER IS ifr_ais@yahoo.de AND HIS ADMIN BOOL IS 1
2013-03-11 07:37:54 ERROR - Undefined variable: isAdmin in C:\xampp\htdocs\kfzinsider\laravel\view.php(386) : eval()'d code on line 26
2013-03-11 08:38:55 INFO - test
2013-03-11 08:39:03 ERROR - Undefined variable: isAdmin in C:\xampp\htdocs\kfzinsider\laravel\view.php(386) : eval()'d code on line 26
2013-03-11 08:41:15 ERROR - Undefined variable: user in C:\xampp\htdocs\kfzinsider\laravel\view.php(386) : eval()'d code on line 26
2013-03-11 08:41:18 ERROR - Undefined variable: user in C:\xampp\htdocs\kfzinsider\laravel\view.php(386) : eval()'d code on line 26
2013-03-11 08:41:38 ERROR - Undefined variable: user in C:\xampp\htdocs\kfzinsider\laravel\view.php(386) : eval()'d code on line 26
2013-03-11 08:41:39 ERROR - Undefined variable: user in C:\xampp\htdocs\kfzinsider\laravel\view.php(386) : eval()'d code on line 26
2013-03-11 08:41:40 ERROR - Undefined variable: user in C:\xampp\htdocs\kfzinsider\laravel\view.php(386) : eval()'d code on line 26
2013-03-11 08:41:41 ERROR - Undefined variable: user in C:\xampp\htdocs\kfzinsider\laravel\view.php(386) : eval()'d code on line 26
2013-03-11 08:41:41 ERROR - Undefined variable: user in C:\xampp\htdocs\kfzinsider\laravel\view.php(386) : eval()'d code on line 26
2013-03-11 08:41:42 ERROR - Undefined variable: user in C:\xampp\htdocs\kfzinsider\laravel\view.php(386) : eval()'d code on line 26
2013-03-11 08:41:43 ERROR - Undefined variable: user in C:\xampp\htdocs\kfzinsider\laravel\view.php(386) : eval()'d code on line 26
2013-03-11 08:41:43 ERROR - Undefined variable: user in C:\xampp\htdocs\kfzinsider\laravel\view.php(386) : eval()'d code on line 26
2013-03-11 08:41:44 ERROR - Undefined variable: user in C:\xampp\htdocs\kfzinsider\laravel\view.php(386) : eval()'d code on line 26
2013-03-11 08:41:44 ERROR - Undefined variable: user in C:\xampp\htdocs\kfzinsider\laravel\view.php(386) : eval()'d code on line 26
2013-03-11 08:41:45 ERROR - Undefined variable: user in C:\xampp\htdocs\kfzinsider\laravel\view.php(386) : eval()'d code on line 26
2013-03-11 08:41:46 ERROR - Undefined variable: user in C:\xampp\htdocs\kfzinsider\laravel\view.php(386) : eval()'d code on line 26
2013-03-11 08:41:52 INFO - test
2013-03-11 08:41:52 ERROR - Undefined variable: user in C:\xampp\htdocs\kfzinsider\laravel\view.php(386) : eval()'d code on line 26
2013-03-11 09:13:25 INFO - test
2013-03-11 09:13:38 INFO - INSIDE LOGIN AND TRUE VAR IS ifr_ais@yahoo.de
2013-03-11 09:13:50 INFO - INSIDE LOGIN AND TRUE VAR IS ifr_ais@yahoo.de
2013-03-11 13:28:50 INFO - test
2013-03-11 13:29:00 ERROR - Undefined variable: user in C:\xampp\htdocs\kfzinsider\laravel\view.php(386) : eval()'d code on line 26
2013-03-11 13:57:15 ERROR - Undefined variable: user in C:\xampp\htdocs\kfzinsider\laravel\view.php(386) : eval()'d code on line 26
2013-03-11 13:57:16 ERROR - Undefined variable: user in C:\xampp\htdocs\kfzinsider\laravel\view.php(386) : eval()'d code on line 26
2013-03-11 13:57:17 ERROR - Undefined variable: user in C:\xampp\htdocs\kfzinsider\laravel\view.php(386) : eval()'d code on line 26
2013-03-11 13:57:24 INFO - test
2013-03-11 13:57:24 ERROR - Undefined variable: user in C:\xampp\htdocs\kfzinsider\laravel\view.php(386) : eval()'d code on line 26
